------------------------------------------------------------------------------------------------------------------------

[2017-12-12 17:12:42 #1 store] 
Database 'C:\Users\s.molina\Dropbox\Workspace\GII3\IS2\workspace-sts-x.y.z.RELEASE\ruralhousesjsf-hibernate\resources\ruralHouses.odb' is opened by 17892@DESKTOP-OL9NMDC

[2017-12-12 17:12:42 #2 type] 
Type domain.RuralHouse is not enhanced.

[2017-12-12 17:12:42 #3 type] 
Type domain.Offer is not enhanced.

[2017-12-12 17:12:42 #4 type.registry] 
New type java.util.HashSet<domain.Offer>

[2017-12-12 17:12:42 #5 type.registry] 
New type java.util.HashSet<java.lang.Object>

------------------------------------------------------------------------------------------------------------------------

[2017-12-12 17:13:34 #1 store] 
Database 'C:\Users\s.molina\Dropbox\Workspace\GII3\IS2\workspace-sts-x.y.z.RELEASE\ruralhousesjsf-hibernate\resources\ruralHouses.odb' has been recovered (tr. 6-9)

[2017-12-12 17:13:34 #2 store] 
Database 'C:\Users\s.molina\Dropbox\Workspace\GII3\IS2\workspace-sts-x.y.z.RELEASE\ruralhousesjsf-hibernate\resources\ruralHouses.odb' is opened by 6268@DESKTOP-OL9NMDC

[2017-12-12 17:13:34 #3 type] 
Type domain.RuralHouse is not enhanced.

[2017-12-12 17:13:34 #4 type] 
Type domain.Offer is not enhanced.

------------------------------------------------------------------------------------------------------------------------

[2017-12-12 17:16:33 #1 store] 
Database 'C:\Users\s.molina\Dropbox\Workspace\GII3\IS2\workspace-sts-x.y.z.RELEASE\ruralhousesjsf-hibernate\resources\ruralHouses.odb' has been recovered (tr. 10-10)

[2017-12-12 17:16:33 #2 store] 
Database 'C:\Users\s.molina\Dropbox\Workspace\GII3\IS2\workspace-sts-x.y.z.RELEASE\ruralhousesjsf-hibernate\resources\ruralHouses.odb' is opened by 7040@DESKTOP-OL9NMDC

[2017-12-12 17:16:34 #3 type] 
Type domain.RuralHouse is not enhanced.

[2017-12-12 17:16:34 #4 type] 
Type domain.Offer is not enhanced.

------------------------------------------------------------------------------------------------------------------------

[2017-12-12 17:17:40 #1 store] 
Database 'C:\Users\s.molina\Dropbox\Workspace\GII3\IS2\workspace-sts-x.y.z.RELEASE\ruralhousesjsf-hibernate\resources\ruralHouses.odb' has been recovered (tr. 11-11)

[2017-12-12 17:17:40 #2 store] 
Database 'C:\Users\s.molina\Dropbox\Workspace\GII3\IS2\workspace-sts-x.y.z.RELEASE\ruralhousesjsf-hibernate\resources\ruralHouses.odb' is opened by 11056@DESKTOP-OL9NMDC

[2017-12-12 17:17:40 #3 type] 
Type domain.RuralHouse is not enhanced.

[2017-12-12 17:17:40 #4 type] 
Type domain.Offer is not enhanced.

------------------------------------------------------------------------------------------------------------------------

[2017-12-12 17:18:54 #1 store] 
Database 'C:\Users\s.molina\Dropbox\Workspace\GII3\IS2\workspace-sts-x.y.z.RELEASE\ruralhousesjsf-hibernate\resources\ruralHouses.odb' has been recovered (tr. 12-12)

[2017-12-12 17:18:54 #2 store] 
Database 'C:\Users\s.molina\Dropbox\Workspace\GII3\IS2\workspace-sts-x.y.z.RELEASE\ruralhousesjsf-hibernate\resources\ruralHouses.odb' is opened by 16856@DESKTOP-OL9NMDC

[2017-12-12 17:18:54 #3 type] 
Type domain.RuralHouse is not enhanced.

[2017-12-12 17:18:54 #4 type] 
Type domain.Offer is not enhanced.

------------------------------------------------------------------------------------------------------------------------

[2017-12-12 17:19:56 #1 store] 
Database 'C:\Users\s.molina\Dropbox\Workspace\GII3\IS2\workspace-sts-x.y.z.RELEASE\ruralhousesjsf-hibernate\resources\ruralHouses.odb' has been recovered (tr. 13-13)

[2017-12-12 17:19:56 #2 store] 
Database 'C:\Users\s.molina\Dropbox\Workspace\GII3\IS2\workspace-sts-x.y.z.RELEASE\ruralhousesjsf-hibernate\resources\ruralHouses.odb' is opened by 12760@DESKTOP-OL9NMDC

[2017-12-12 17:19:56 #3 type] 
Type domain.RuralHouse is not enhanced.

[2017-12-12 17:19:56 #4 type] 
Type domain.Offer is not enhanced.

------------------------------------------------------------------------------------------------------------------------

[2017-12-12 17:22:30 #1 store] 
Database 'C:\Users\s.molina\Dropbox\Workspace\GII3\IS2\workspace-sts-x.y.z.RELEASE\ruralhousesjsf-hibernate\resources\ruralHouses.odb' has been recovered (tr. 14-14)

[2017-12-12 17:22:30 #2 store] 
Database 'C:\Users\s.molina\Dropbox\Workspace\GII3\IS2\workspace-sts-x.y.z.RELEASE\ruralhousesjsf-hibernate\resources\ruralHouses.odb' is opened by 17480@DESKTOP-OL9NMDC

[2017-12-12 17:22:30 #3 type] 
Type domain.RuralHouse is not enhanced.

[2017-12-12 17:22:30 #4 type] 
Type domain.Offer is not enhanced.

------------------------------------------------------------------------------------------------------------------------

[2017-12-12 17:39:32 #1 store] 
Database 'C:\Users\s.molina\Dropbox\Workspace\GII3\IS2\workspace-sts-x.y.z.RELEASE\ruralhousesjsf-hibernate\resources\ruralHouses.odb' has been recovered (tr. 15-15)

[2017-12-12 17:39:32 #2 store] 
Database 'C:\Users\s.molina\Dropbox\Workspace\GII3\IS2\workspace-sts-x.y.z.RELEASE\ruralhousesjsf-hibernate\resources\ruralHouses.odb' is opened by 5900@DESKTOP-OL9NMDC

[2017-12-12 17:39:32 #3 type] 
Type domain.RuralHouse is not enhanced.

[2017-12-12 17:39:32 #4 type] 
Type domain.Offer is not enhanced.

------------------------------------------------------------------------------------------------------------------------

[2017-12-12 17:39:54 #1 store] 
Database 'C:\Users\s.molina\Dropbox\Workspace\GII3\IS2\workspace-sts-x.y.z.RELEASE\ruralhousesjsf-hibernate\resources\ruralHouses.odb' has been recovered (tr. 16-16)

[2017-12-12 17:39:54 #2 store] 
Database 'C:\Users\s.molina\Dropbox\Workspace\GII3\IS2\workspace-sts-x.y.z.RELEASE\ruralhousesjsf-hibernate\resources\ruralHouses.odb' is opened by 15876@DESKTOP-OL9NMDC

[2017-12-12 17:39:54 #3 type] 
Type domain.RuralHouse is not enhanced.

[2017-12-12 17:39:54 #4 type] 
Type domain.Offer is not enhanced.

------------------------------------------------------------------------------------------------------------------------

[2017-12-12 17:40:25 #1 store] 
Database 'C:\Users\s.molina\Dropbox\Workspace\GII3\IS2\workspace-sts-x.y.z.RELEASE\ruralhousesjsf-hibernate\resources\ruralHouses.odb' has been recovered (tr. 17-17)

[2017-12-12 17:40:25 #2 store] 
Database 'C:\Users\s.molina\Dropbox\Workspace\GII3\IS2\workspace-sts-x.y.z.RELEASE\ruralhousesjsf-hibernate\resources\ruralHouses.odb' is opened by 18316@DESKTOP-OL9NMDC

[2017-12-12 17:40:25 #3 type] 
Type domain.RuralHouse is not enhanced.

[2017-12-12 17:40:25 #4 type] 
Type domain.Offer is not enhanced.

------------------------------------------------------------------------------------------------------------------------

[2017-12-12 18:03:50 #1 store] 
Database 'C:\Users\s.molina\Dropbox\Workspace\GII3\IS2\workspace-sts-x.y.z.RELEASE\ruralhousesjsf-hibernate\resources\ruralHouses.odb' has been recovered (tr. 18-18)

[2017-12-12 18:03:50 #2 store] 
Database 'C:\Users\s.molina\Dropbox\Workspace\GII3\IS2\workspace-sts-x.y.z.RELEASE\ruralhousesjsf-hibernate\resources\ruralHouses.odb' is opened by 4992@DESKTOP-OL9NMDC

[2017-12-12 18:03:50 #3 type] 
Type domain.RuralHouse is not enhanced.

[2017-12-12 18:03:50 #4 type] 
Type domain.Offer is not enhanced.

------------------------------------------------------------------------------------------------------------------------

[2017-12-12 18:10:06 #1 store] 
Database 'C:\Users\s.molina\Dropbox\Workspace\GII3\IS2\workspace-sts-x.y.z.RELEASE\ruralhousesjsf-hibernate\resources\ruralHouses.odb' has been recovered (tr. 19-19)

[2017-12-12 18:10:06 #2 store] 
Database 'C:\Users\s.molina\Dropbox\Workspace\GII3\IS2\workspace-sts-x.y.z.RELEASE\ruralhousesjsf-hibernate\resources\ruralHouses.odb' is opened by 16152@DESKTOP-OL9NMDC

[2017-12-12 18:10:06 #3 type] 
Type domain.RuralHouse is not enhanced.

[2017-12-12 18:10:06 #4 type] 
Type domain.Offer is not enhanced.

------------------------------------------------------------------------------------------------------------------------

[2017-12-12 18:10:27 #1 store] 
Database 'C:\Users\s.molina\Dropbox\Workspace\GII3\IS2\workspace-sts-x.y.z.RELEASE\ruralhousesjsf-hibernate\resources\ruralHouses.odb' has been recovered (tr. 20-20)

[2017-12-12 18:10:27 #2 store] 
Database 'C:\Users\s.molina\Dropbox\Workspace\GII3\IS2\workspace-sts-x.y.z.RELEASE\ruralhousesjsf-hibernate\resources\ruralHouses.odb' is opened by 16480@DESKTOP-OL9NMDC

[2017-12-12 18:10:27 #3 type] 
Type domain.RuralHouse is not enhanced.

[2017-12-12 18:10:27 #4 type] 
Type domain.Offer is not enhanced.

------------------------------------------------------------------------------------------------------------------------

[2017-12-12 18:12:34 #1 store] 
Database 'C:\Users\s.molina\Dropbox\Workspace\GII3\IS2\workspace-sts-x.y.z.RELEASE\ruralhousesjsf-hibernate\resources\ruralHouses.odb' has been recovered (tr. 21-21)

[2017-12-12 18:12:35 #2 store] 
Database 'C:\Users\s.molina\Dropbox\Workspace\GII3\IS2\workspace-sts-x.y.z.RELEASE\ruralhousesjsf-hibernate\resources\ruralHouses.odb' is opened by 13472@DESKTOP-OL9NMDC

[2017-12-12 18:12:37 #3 type] 
Type domain.RuralHouse is not enhanced.

[2017-12-12 18:12:37 #4 type] 
Type domain.Offer is not enhanced.

------------------------------------------------------------------------------------------------------------------------

[2017-12-12 18:15:03 #1 store] 
Database 'C:\Users\s.molina\Dropbox\Workspace\GII3\IS2\workspace-sts-x.y.z.RELEASE\ruralhousesjsf-hibernate\resources\ruralHouses.odb' has been recovered (tr. 22-22)

[2017-12-12 18:15:04 #2 store] 
Database 'C:\Users\s.molina\Dropbox\Workspace\GII3\IS2\workspace-sts-x.y.z.RELEASE\ruralhousesjsf-hibernate\resources\ruralHouses.odb' is opened by 7024@DESKTOP-OL9NMDC

[2017-12-12 18:15:06 #3 type] 
Type domain.RuralHouse is not enhanced.

[2017-12-12 18:15:06 #4 type] 
Type domain.Offer is not enhanced.

------------------------------------------------------------------------------------------------------------------------

[2017-12-12 18:25:38 #1 store] 
Database 'C:\Users\s.molina\Dropbox\Workspace\GII3\IS2\workspace-sts-x.y.z.RELEASE\ruralhousesjsf-hibernate\resources\ruralHouses.odb' has been recovered (tr. 23-23)

[2017-12-12 18:25:38 #2 store] 
Database 'C:\Users\s.molina\Dropbox\Workspace\GII3\IS2\workspace-sts-x.y.z.RELEASE\ruralhousesjsf-hibernate\resources\ruralHouses.odb' is opened by 17568@DESKTOP-OL9NMDC

[2017-12-12 18:25:39 #3 type] 
Type domain.RuralHouse is not enhanced.

[2017-12-12 18:25:39 #4 type] 
Type domain.Offer is not enhanced.

------------------------------------------------------------------------------------------------------------------------

[2017-12-12 18:39:13 #1 store] 
Database 'C:\Users\s.molina\Dropbox\Workspace\GII3\IS2\workspace-sts-x.y.z.RELEASE\ruralhousesjsf-hibernate\resources\ruralHouses.odb' has been recovered (tr. 24-24)

[2017-12-12 18:39:13 #2 store] 
Database 'C:\Users\s.molina\Dropbox\Workspace\GII3\IS2\workspace-sts-x.y.z.RELEASE\ruralhousesjsf-hibernate\resources\ruralHouses.odb' is opened by 14980@DESKTOP-OL9NMDC

[2017-12-12 18:39:13 #3 type] 
Type domain.RuralHouse is not enhanced.

[2017-12-12 18:39:13 #4 type] 
Type domain.Offer is not enhanced.

------------------------------------------------------------------------------------------------------------------------

[2017-12-12 18:43:15 #1 store] 
Database 'C:\Users\s.molina\Dropbox\Workspace\GII3\IS2\workspace-sts-x.y.z.RELEASE\ruralhousesjsf-hibernate\resources\ruralHouses.odb' has been recovered (tr. 25-25)

[2017-12-12 18:43:15 #2 store] 
Database 'C:\Users\s.molina\Dropbox\Workspace\GII3\IS2\workspace-sts-x.y.z.RELEASE\ruralhousesjsf-hibernate\resources\ruralHouses.odb' is opened by 11864@DESKTOP-OL9NMDC

[2017-12-12 18:43:15 #3 type] 
Type domain.RuralHouse is not enhanced.

[2017-12-12 18:43:15 #4 type] 
Type domain.Offer is not enhanced.

------------------------------------------------------------------------------------------------------------------------

[2017-12-12 18:52:18 #1 store] 
Database 'C:\Users\s.molina\Dropbox\Workspace\GII3\IS2\workspace-sts-x.y.z.RELEASE\ruralhousesjsf-hibernate\resources\ruralHouses.odb' has been recovered (tr. 26-26)

[2017-12-12 18:52:18 #2 store] 
Database 'C:\Users\s.molina\Dropbox\Workspace\GII3\IS2\workspace-sts-x.y.z.RELEASE\ruralhousesjsf-hibernate\resources\ruralHouses.odb' is opened by 18144@DESKTOP-OL9NMDC

[2017-12-12 18:52:18 #3 type] 
Type domain.RuralHouse is not enhanced.

[2017-12-12 18:52:18 #4 type] 
Type domain.Offer is not enhanced.

